19:47:58.954 INFO [GridLauncherV3.launch] - Selenium build info: version: '3.13.0', revision: '2f0d292'
19:47:58.954 INFO [GridLauncherV3$1.launch] - Launching a standalone Selenium Server on port 4444
2018-07-24 19:47:59.007:INFO::main: Logging initialized @241ms to org.seleniumhq.jetty9.util.log.StdErrLog
19:47:59.154 INFO [SeleniumServer.boot] - Selenium Server is up and running on port 4444
19:47:59.407 INFO [ActiveSessionFactory.apply] - Capabilities are: {
  "acceptSslCerts": true,
  "browserName": "chrome",
  "chromeOptions": {
    "args": [
      "disable-web-security",
      "ignore-certificate-errors",
      "--test-type"
    ]
  },
  "javascriptEnabled": true,
  "name": "Elementdemo Spec"
}
19:47:59.407 INFO [ActiveSessionFactory.lambda$apply$11] - Matched factory org.openqa.selenium.remote.server.ServicedSession$Factory (provider: org.openqa.selenium.chrome.ChromeDriverService)
Starting ChromeDriver 2.36.540470 (e522d04694c7ebea4ba8821272dbef4f9b818c91) on port 43557
Only local connections are allowed.
19:48:01.548 INFO [ProtocolHandshake.createSession] - Detected dialect: OSS
19:48:01.739 INFO [RemoteSession$Factory.lambda$performHandshake$0] - Started new session 61c5ee124ffcf1c6c52b8806e212760d (org.openqa.selenium.chrome.ChromeDriverService)
19:48:16.586 INFO [ActiveSessions$1.onStop] - Removing session 61c5ee124ffcf1c6c52b8806e212760d (org.openqa.selenium.chrome.ChromeDriverService)
