15:37:11.404 INFO [GridLauncherV3.launch] - Selenium build info: version: '3.13.0', revision: '2f0d292'
15:37:11.405 INFO [GridLauncherV3$1.launch] - Launching a standalone Selenium Server on port 4444
2018-07-12 15:37:11.461:INFO::main: Logging initialized @243ms to org.seleniumhq.jetty9.util.log.StdErrLog
15:37:11.609 INFO [SeleniumServer.boot] - Selenium Server is up and running on port 4444
15:37:11.846 INFO [ActiveSessionFactory.apply] - Capabilities are: {
  "acceptSslCerts": true,
  "browserName": "chrome",
  "chromeOptions": {
    "args": [
      "disable-web-security",
      "ignore-certificate-errors",
      "--test-type"
    ]
  },
  "javascriptEnabled": true,
  "name": "Demotest For Epam Spec"
}
15:37:11.847 INFO [ActiveSessionFactory.lambda$apply$11] - Matched factory org.openqa.selenium.remote.server.ServicedSession$Factory (provider: org.openqa.selenium.chrome.ChromeDriverService)
Starting ChromeDriver 2.36.540470 (e522d04694c7ebea4ba8821272dbef4f9b818c91) on port 12025
Only local connections are allowed.
15:37:13.959 INFO [ProtocolHandshake.createSession] - Detected dialect: OSS
15:37:14.165 INFO [RemoteSession$Factory.lambda$performHandshake$0] - Started new session 5dcdbf6e02a3ea719005ce6bcd8b438e (org.openqa.selenium.chrome.ChromeDriverService)
15:37:33.211 INFO [ActiveSessions$1.onStop] - Removing session 5dcdbf6e02a3ea719005ce6bcd8b438e (org.openqa.selenium.chrome.ChromeDriverService)
